2026-03-09 23:23:23,604 DEBUG - Starting WinSW in console mode
2026-03-09 23:23:23,647 INFO  - Installing service 'AI Playground Portal (aiplayground-portal)'...
2026-03-09 23:23:23,700 INFO  - Service 'AI Playground Portal (aiplayground-portal)' was installed successfully.
2026-03-09 23:23:24,106 DEBUG - Starting WinSW in console mode
2026-03-09 23:23:24,145 INFO  - Starting service 'AI Playground Portal (aiplayground-portal)'...
2026-03-09 23:23:24,570 DEBUG - Starting WinSW in service mode
2026-03-09 23:23:24,601 INFO  - Service 'AI Playground Portal (aiplayground-portal)' started successfully.
2026-03-09 23:23:24,758 INFO  - Starting D:\soft\node-v24.14.0-win-x64\node.exe "D:\aiplayground\aiplayground-portal\node_modules\next\dist\bin\next" start -p 5013 -H 0.0.0.0
2026-03-09 23:23:24,788 INFO  - Started process 19684
2026-03-09 23:23:24,802 DEBUG - Forwarding logs of the process System.Diagnostics.Process (node) to WinSW.SizeBasedRollingLogAppender
2026-03-09 23:36:26,370 DEBUG - Starting WinSW in console mode
2026-03-09 23:36:26,409 INFO  - Stopping service 'AI Playground Portal (aiplayground-portal)'...
2026-03-09 23:36:26,417 INFO  - Service 'AI Playground Portal (aiplayground-portal)' stopped successfully.
2026-03-09 23:36:26,418 INFO  - Stopping aiplayground-portal
2026-03-09 23:36:26,419 DEBUG - ProcessKill 19684
2026-03-09 23:36:26,422 DEBUG - Stopping process 19684...
2026-03-09 23:36:26,446 DEBUG - Process 19684 canceled with code 0.
2026-03-09 23:36:26,450 INFO  - Finished aiplayground-portal
2026-03-09 23:36:26,799 DEBUG - Starting WinSW in console mode
2026-03-09 23:36:26,831 INFO  - Uninstalling service 'AI Playground Portal (aiplayground-portal)'...
2026-03-09 23:36:26,836 INFO  - Service 'AI Playground Portal (aiplayground-portal)' was uninstalled successfully.
2026-03-09 23:36:27,227 DEBUG - Starting WinSW in console mode
2026-03-09 23:36:27,260 INFO  - Installing service 'AI Playground Portal (aiplayground-portal)'...
2026-03-09 23:36:27,296 INFO  - Service 'AI Playground Portal (aiplayground-portal)' was installed successfully.
2026-03-09 23:36:27,674 DEBUG - Starting WinSW in console mode
2026-03-09 23:36:27,712 INFO  - Starting service 'AI Playground Portal (aiplayground-portal)'...
2026-03-09 23:36:28,107 DEBUG - Starting WinSW in service mode
2026-03-09 23:36:28,139 INFO  - Service 'AI Playground Portal (aiplayground-portal)' started successfully.
2026-03-09 23:36:28,269 INFO  - Starting D:\soft\node-v24.14.0-win-x64\node.exe "D:\aiplayground\aiplayground-portal\node_modules\next\dist\bin\next" start -p 5013 -H 0.0.0.0
2026-03-09 23:36:28,298 INFO  - Started process 21252
2026-03-09 23:36:28,312 DEBUG - Forwarding logs of the process System.Diagnostics.Process (node) to WinSW.SizeBasedRollingLogAppender
2026-03-09 23:42:03,673 DEBUG - Starting WinSW in console mode
2026-03-09 23:42:03,709 INFO  - Stopping service 'AI Playground Portal (aiplayground-portal)'...
2026-03-09 23:42:03,717 INFO  - Service 'AI Playground Portal (aiplayground-portal)' stopped successfully.
2026-03-09 23:42:03,719 INFO  - Stopping aiplayground-portal
2026-03-09 23:42:03,719 DEBUG - ProcessKill 21252
2026-03-09 23:42:03,722 DEBUG - Stopping process 21252...
2026-03-09 23:42:03,742 DEBUG - Process 21252 canceled with code 0.
2026-03-09 23:42:03,745 INFO  - Finished aiplayground-portal
2026-03-09 23:42:04,151 DEBUG - Starting WinSW in console mode
2026-03-09 23:42:04,183 INFO  - Uninstalling service 'AI Playground Portal (aiplayground-portal)'...
2026-03-09 23:42:04,189 INFO  - Service 'AI Playground Portal (aiplayground-portal)' was uninstalled successfully.
2026-03-09 23:42:04,564 DEBUG - Starting WinSW in console mode
2026-03-09 23:42:04,597 INFO  - Installing service 'AI Playground Portal (aiplayground-portal)'...
2026-03-09 23:42:04,632 INFO  - Service 'AI Playground Portal (aiplayground-portal)' was installed successfully.
2026-03-09 23:42:05,019 DEBUG - Starting WinSW in console mode
2026-03-09 23:42:05,056 INFO  - Starting service 'AI Playground Portal (aiplayground-portal)'...
2026-03-09 23:42:05,423 DEBUG - Starting WinSW in service mode
2026-03-09 23:42:05,459 INFO  - Service 'AI Playground Portal (aiplayground-portal)' started successfully.
2026-03-09 23:42:05,586 INFO  - Starting D:\soft\node-v24.14.0-win-x64\node.exe "D:\aiplayground\aiplayground-portal\node_modules\next\dist\bin\next" start -p 5013 -H 0.0.0.0
2026-03-09 23:42:05,615 INFO  - Started process 2476
2026-03-09 23:42:05,629 DEBUG - Forwarding logs of the process System.Diagnostics.Process (node) to WinSW.SizeBasedRollingLogAppender
